<?xml version="1.0" encoding="UTF-8"?>
<testsuite name="kpattern.pattern.SingletonTest" tests="1" skipped="0" failures="0" errors="0" timestamp="2023-02-18T21:47:24" hostname="fedora" time="0.017">
  <properties/>
  <testcase name="testSingleton()" classname="kpattern.pattern.SingletonTest" time="0.017"/>
  <system-out><![CDATA[Connecting to database...
]]></system-out>
  <system-err><![CDATA[]]></system-err>
</testsuite>
